<?xml version="1.0" encoding="UTF-8"?>
<!-- Generated by org.testng.reporters.JUnitReportReporter -->
<testsuite hostname="LAPTOP-M6AT9IKR" failures="0" tests="4" name="com.qa.logintestt.LoginTest" time="15.383" errors="0" timestamp="2022-04-27T14:34:27 IST" skipped="0">
  <testcase classname="com.qa.logintestt.LoginTest" name="VerifyLoginTitle" time="3.773"/>
  <system-out/>
  <testcase classname="com.qa.logintestt.LoginTest" name="verifyLogo" time="2.955"/>
  <system-out/>
  <testcase classname="com.qa.logintestt.LoginTest" name="verifyLink" time="2.578"/>
  <system-out/>
  <testcase classname="com.qa.logintestt.LoginTest" name="varifyValidCredentials" time="6.077"/>
  <system-out/>
</testsuite> <!-- com.qa.logintestt.LoginTest -->
