<?xml version="1.0" encoding="UTF-8"?>
<!-- Generated by org.testng.reporters.JUnitReportReporter -->
<testsuite hostname="LAPTOP-M6AT9IKR" failures="0" tests="3" name="com.qa.logintestt.DashBoardTestCase" time="12.900" errors="0" timestamp="2022-04-28T11:43:05 IST" skipped="0">
  <testcase classname="com.qa.logintestt.DashBoardTestCase" name="verifySeleniumPage" time="3.995"/>
  <system-out/>
  <testcase classname="com.qa.logintestt.DashBoardTestCase" name="verifyOperatorPage" time="4.486"/>
  <system-out/>
  <testcase classname="com.qa.logintestt.DashBoardTestCase" name="verifyLogoff" time="4.419"/>
  <system-out/>
</testsuite> <!-- com.qa.logintestt.DashBoardTestCase -->
